
> frontend@0.1.0 start
> next start -p 3010

▲ Next.js 16.1.6
- Local:         http://localhost:3010
- Network:       http://192.168.1.2:3010

✓ Starting...
✓ Ready in 2.7s
Firebase Admin SDK initialized successfully
[DomainResolver] Resolving: host=localhost:3010, port=3010
[DomainResolver] Resolving: host=localhost:3010, port=3010
[DomainResolver] Resolving: host=localhost:3010, port=3010
[Firebase] App initialized successfully
[DomainResolver] Resolving: host=localhost:3010, port=3010
[DomainResolver] Resolving: host=localhost:3010, port=3010
[DomainResolver] Resolving: host=localhost:3010, port=3010
[DomainResolver] Resolving: host=localhost:3010, port=3010
[DomainResolver] Resolving: host=localhost:3010, port=3010
[DomainResolver] Resolving: host=localhost:3010, port=3010
[DomainResolver] Resolving: host=localhost:3010, port=3010
[DomainResolver] Resolving: host=localhost:3010, port=3010
[DomainResolver] Resolving: host=localhost:3010, port=3010
[DomainResolver] Resolving: host=localhost:3010, port=3010
[DomainResolver] Resolving: host=localhost:3010, port=3010
[DomainResolver] Resolving: host=localhost:3010, port=3010
[DomainResolver] Resolving: host=localhost:3010, port=3010
[DomainResolver] Resolving: host=localhost:3010, port=3010
[DomainResolver] Resolving: host=localhost:3010, port=3010
[DomainResolver] Resolving: host=localhost:3010, port=3010
[DomainResolver] Resolving: host=localhost:3010, port=3010
[DomainResolver] Resolving: host=localhost:3010, port=3010
[DomainResolver] Resolving: host=localhost:3010, port=3010
[DomainResolver] Resolving: host=localhost:3010, port=3010
[DomainResolver] Resolving: host=localhost:3010, port=3010
[DomainResolver] Resolving: host=localhost:3010, port=3010
[DomainResolver] Resolving: host=localhost:3010, port=3010
[DomainResolver] Resolving: host=localhost:3010, port=3010
[DomainResolver] Resolving: host=localhost:3010, port=3010
[DomainResolver] Resolving: host=localhost:3010, port=3010
[DomainResolver] Resolving: host=localhost:3010, port=3010
[DomainResolver] Resolving: host=localhost:3010, port=3010
[DomainResolver] Resolving: host=localhost:3010, port=3010
[DomainResolver] Resolving: host=localhost:3010, port=3010
[DomainResolver] Resolving: host=localhost:3010, port=3010
[DomainResolver] Resolving: host=localhost:3010, port=3010
[DomainResolver] Resolving: host=localhost:3010, port=3010
[DomainResolver] Resolving: host=localhost:3010, port=3010
[DomainResolver] Resolving: host=localhost:3010, port=3010
